<?xml version="1.0" encoding="UTF-8"?>
<!-- Generated by org.testng.reporters.JUnitXMLReporter -->
<testsuite ignored="0" hostname="adminnnn" failures="1" tests="24" name="Regression" time="314.125" errors="0" timestamp="2026-07-17T14:31:51 IST">
  <testcase classname="test_Class.TC001_Add_Customer_Test" name="verify_AddCustomer" time="3.995"/>
  <testcase classname="test_Class.TC002_Open_Account_Test" name="verify_OpenAccount" time="4.506"/>
  <testcase classname="test_Class.TC003_Search_Customer" name="verify_Search_Customer" time="3.463"/>
  <testcase classname="test_Class.TC004_Cross_Browser_Test" name="crossBrowserTest" time="3.843"/>
  <testcase classname="test_Class.TC004_Cross_Browser_Test" name="crossBrowserTest" time="4.058"/>
  <testcase classname="test_Class.TC004_Cross_Browser_Test" name="crossBrowserTest" time="22.965"/>
  <testcase classname="test_Class.TC004_Cross_Browser_Test" name="crossBrowserTest" time="10.935"/>
  <testcase classname="test_Class.TC004_Cross_Browser_Test" name="crossBrowserTest" time="9.814"/>
  <testcase classname="test_Class.TC004_Cross_Browser_Test" name="crossBrowserTest" time="3.734"/>
  <testcase classname="test_Class.TC005_File_Download_Test" name="File_Download" time="6.96"/>
  <testcase classname="test_Class.TC006_File_Upload_Test" name="File_Upload" time="6.631"/>
  <testcase classname="test_Class.TC007_Reading_Data_From_Xcel" name="Read_Data_From_xcel" time="1.871"/>
  <testcase classname="test_Class.TC008_Writing_Data_From_Xcel_Test" name="loginTest" time="1.255"/>
  <testcase classname="test_Class.TC008_Writing_Data_From_Xcel_Test" name="loginTest" time="1.776"/>
  <testcase classname="test_Class.TC008_Writing_Data_From_Xcel_Test" name="loginTest" time="1.279"/>
  <testcase classname="test_Class.TC009_Customer_Login_Transaction_Test" name="verify_Customer_Login_trasnction" time="4.459"/>
  <testcase classname="test_Class.TC012_Deposite_Test" name="Verify_Deposite_Click" time="5.093"/>
  <testcase classname="test_Class.TC013_WebTable_Test" name="Verify_WebTable" time="6.719"/>
  <testcase classname="test_Class.TC014_Customer_Login_Deposit_Test" name="verify_Add_Deposit_Amount" time="4.324"/>
  <testcase classname="test_Class.TC016_Assign_Leave_Test" name="assign_Leave" time="30.927">
    <failure type="org.openqa.selenium.NoSuchSessionException" message="invalid session id: session deleted as the browser has closed the connection
from disconnected: unable to send message to renderer
  (Session info: chrome=150.0.7871.127)
Build info: version: &amp;apos;4.44.0&amp;apos;, revision: &amp;apos;da2039b&amp;apos;
System info: os.name: &amp;apos;Windows 11&amp;apos;, os.arch: &amp;apos;amd64&amp;apos;, os.version: &amp;apos;10.0&amp;apos;, java.version: &amp;apos;21.0.11&amp;apos;
Driver info: org.openqa.selenium.chrome.ChromeDriver
Command: [b2c25b1c88ab70f7fb65077a79156f1b, findElement {using=xpath, value=//*[text()=&amp;apos;john M Anderson&amp;apos;]}]
Capabilities {acceptInsecureCerts: false, browserName: chrome, browserVersion: 150.0.7871.127, chrome: {chromedriverVersion: 150.0.7871.124 (9261fd0a595..., userDataDir: C:\Users\ARCHAN~1\AppData\L...}, fedcm:accounts: true, goog:chromeOptions: {debuggerAddress: localhost:50424}, goog:processID: 9968, networkConnectionEnabled: false, pageLoadStrategy: normal, platformName: windows, proxy: Proxy(), se:cdp: ws://localhost:50424/devtoo..., se:cdpVersion: 150.0.7871.127, setWindowRect: true, strictFileInteractability: false, timeouts: {implicit: 0, pageLoad: 300000, script: 30000}, unhandledPromptBehavior: dismiss and notify, webauthn:extension:credBlob: true, webauthn:extension:largeBlob: true, webauthn:extension:minPinLength: true, webauthn:extension:prf: true, webauthn:virtualAuthenticators: true}
Session ID: b2c25b1c88ab70f7fb65077a79156f1b">
      <![CDATA[org.openqa.selenium.NoSuchSessionException: invalid session id: session deleted as the browser has closed the connection
from disconnected: unable to send message to renderer
  (Session info: chrome=150.0.7871.127)
Build info: version: '4.44.0', revision: 'da2039b'
System info: os.name: 'Windows 11', os.arch: 'amd64', os.version: '10.0', java.version: '21.0.11'
Driver info: org.openqa.selenium.chrome.ChromeDriver
Command: [b2c25b1c88ab70f7fb65077a79156f1b, findElement {using=xpath, value=//*[text()='john M Anderson']}]
Capabilities {acceptInsecureCerts: false, browserName: chrome, browserVersion: 150.0.7871.127, chrome: {chromedriverVersion: 150.0.7871.124 (9261fd0a595..., userDataDir: C:\Users\ARCHAN~1\AppData\L...}, fedcm:accounts: true, goog:chromeOptions: {debuggerAddress: localhost:50424}, goog:processID: 9968, networkConnectionEnabled: false, pageLoadStrategy: normal, platformName: windows, proxy: Proxy(), se:cdp: ws://localhost:50424/devtoo..., se:cdpVersion: 150.0.7871.127, setWindowRect: true, strictFileInteractability: false, timeouts: {implicit: 0, pageLoad: 300000, script: 30000}, unhandledPromptBehavior: dismiss and notify, webauthn:extension:credBlob: true, webauthn:extension:largeBlob: true, webauthn:extension:minPinLength: true, webauthn:extension:prf: true, webauthn:virtualAuthenticators: true}
Session ID: b2c25b1c88ab70f7fb65077a79156f1b
at org.openqa.selenium.remote.ErrorCodec.decode(ErrorCodec.java:169)
at org.openqa.selenium.remote.codec.w3c.W3CHttpResponseCodec.decode(W3CHttpResponseCodec.java:143)
at org.openqa.selenium.remote.codec.w3c.W3CHttpResponseCodec.decode(W3CHttpResponseCodec.java:50)
at org.openqa.selenium.remote.HttpCommandExecutor.execute(HttpCommandExecutor.java:224)
at org.openqa.selenium.remote.service.DriverCommandExecutor.invokeExecute(DriverCommandExecutor.java:217)
at org.openqa.selenium.remote.service.DriverCommandExecutor.execute(DriverCommandExecutor.java:175)
at org.openqa.selenium.remote.RemoteWebDriver.execute(RemoteWebDriver.java:600)
at org.openqa.selenium.remote.ElementLocation$ElementFinder$2.findElement(ElementLocation.java:173)
at org.openqa.selenium.remote.ElementLocation.findElement(ElementLocation.java:60)
at org.openqa.selenium.remote.RemoteWebDriver.findElement(RemoteWebDriver.java:421)
at org.openqa.selenium.remote.RemoteWebDriver.findElement(RemoteWebDriver.java:415)
at org.openqa.selenium.support.ui.ExpectedConditions$22.apply(ExpectedConditions.java:756)
at org.openqa.selenium.support.ui.ExpectedConditions$22.apply(ExpectedConditions.java:749)
at org.openqa.selenium.support.ui.FluentWait.until(FluentWait.java:210)
at test_Class.TC016_Assign_Leave_Test.assign_Leave(TC016_Assign_Leave_Test.java:29)
at java.base/java.util.ArrayList.forEach(ArrayList.java:1596)
at com.intellij.rt.testng.IDEARemoteTestNG.run(IDEARemoteTestNG.java:65)
at com.intellij.rt.testng.RemoteTestNGStarter.main(RemoteTestNGStarter.java:109)
... Removed 22 stack frames]]>
    </failure>
  </testcase> <!-- assign_Leave -->
  <testcase classname="test_Class.TC017_Rotator_Front_Back_Content_Test" name="rotator_Front_Back" time="76.337"/>
  <testcase classname="test_Class.TC018_3D_Rotator_Test" name="d_card_Rotator" time="23.614"/>
  <testcase classname="test_Class.TC019_Spect_MoveToElement_Test" name="spect_oveToElement" time="15.884"/>
  <testcase classname="test_Class.TC020_Drag_Image_Test" name="drag_Image" time="27.133"/>
</testsuite> <!-- Regression -->
