<?xml version="1.0" encoding="UTF-8"?>
<testng-results ignored="0" total="1" passed="1" failed="0" skipped="0">
  <reporter-output>
  </reporter-output>
  <suite started-at="2026-06-25T17:21:53 IST" name="Suite" finished-at="2026-06-25T17:22:01 IST" duration-ms="8283">
    <groups>
    </groups>
    <test started-at="2026-06-25T17:21:53 IST" name="Regression" finished-at="2026-06-25T17:22:01 IST" duration-ms="8283">
      <class name="test_Class.TC001_Add_Customer_Test">
        <test-method is-config="true" signature="setup()[pri:0, instance:test_Class.TC001_Add_Customer_Test@11bd0f3b]" started-at="2026-06-25T17:21:53 IST" name="setup" finished-at="2026-06-25T17:21:55 IST" duration-ms="1892" status="PASS">
          <reporter-output>
          </reporter-output>
        </test-method> <!-- setup -->
        <test-method signature="verify_AddCustomer()[pri:0, instance:test_Class.TC001_Add_Customer_Test@11bd0f3b]" started-at="2026-06-25T17:21:55 IST" name="verify_AddCustomer" finished-at="2026-06-25T17:22:00 IST" duration-ms="5474" status="PASS">
          <reporter-output>
          </reporter-output>
        </test-method> <!-- verify_AddCustomer -->
        <test-method is-config="true" signature="browser_Close()[pri:0, instance:test_Class.TC001_Add_Customer_Test@11bd0f3b]" started-at="2026-06-25T17:22:00 IST" name="browser_Close" finished-at="2026-06-25T17:22:01 IST" duration-ms="757" status="PASS">
          <reporter-output>
          </reporter-output>
        </test-method> <!-- browser_Close -->
      </class> <!-- test_Class.TC001_Add_Customer_Test -->
    </test> <!-- Regression -->
  </suite> <!-- Suite -->
</testng-results>
