<?xml version="1.0" encoding="UTF-8"?>
<!-- Generated by org.testng.reporters.JUnitReportReporter -->
<testsuite hostname="adminnnn" failures="0" tests="6" name="test_Class.TC004_Cross_Browser_Test" time="55.349" errors="0" timestamp="2026-07-17T14:31:52 IST" skipped="0">
  <testcase classname="test_Class.TC004_Cross_Browser_Test" name="crossBrowserTest" time="10.935"/>
  <testcase classname="test_Class.TC004_Cross_Browser_Test" name="crossBrowserTest" time="3.734"/>
  <testcase classname="test_Class.TC004_Cross_Browser_Test" name="crossBrowserTest" time="22.965"/>
  <testcase classname="test_Class.TC004_Cross_Browser_Test" name="crossBrowserTest" time="9.814"/>
  <testcase classname="test_Class.TC004_Cross_Browser_Test" name="crossBrowserTest" time="3.843"/>
  <testcase classname="test_Class.TC004_Cross_Browser_Test" name="crossBrowserTest" time="4.058"/>
</testsuite> <!-- test_Class.TC004_Cross_Browser_Test -->
