<?xml version="1.0" encoding="UTF-8"?>
<!-- Generated by org.testng.reporters.JUnitReportReporter -->
<testsuite hostname="adminnnn" failures="0" tests="3" name="test_Class.TC008_Writing_Data_From_Xcel_Test" time="15.449" errors="0" timestamp="2026-07-01T15:26:10 IST" skipped="0">
  <testcase classname="test_Class.TC008_Writing_Data_From_Xcel_Test" name="loginTest" time="5.472"/>
  <testcase classname="test_Class.TC008_Writing_Data_From_Xcel_Test" name="loginTest" time="5.372"/>
  <testcase classname="test_Class.TC008_Writing_Data_From_Xcel_Test" name="loginTest" time="4.605"/>
</testsuite> <!-- test_Class.TC008_Writing_Data_From_Xcel_Test -->
