<?xml version="1.0" encoding="UTF-8"?>
<!-- Generated by org.testng.reporters.JUnitReportReporter -->
<testsuite hostname="adminnnn" failures="0" tests="3" name="test_Class.TC008_Writing_Data_From_Xcel_Test" time="16.097" errors="0" timestamp="2026-07-17T14:31:52 IST" skipped="0">
  <testcase classname="test_Class.TC008_Writing_Data_From_Xcel_Test" name="loginTest" time="5.772"/>
  <testcase classname="test_Class.TC008_Writing_Data_From_Xcel_Test" name="loginTest" time="4.635"/>
  <testcase classname="test_Class.TC008_Writing_Data_From_Xcel_Test" name="loginTest" time="5.690"/>
</testsuite> <!-- test_Class.TC008_Writing_Data_From_Xcel_Test -->
